🚀 Starting SpeedTest Pro Frontend...

✅ Node.js and npm found

📦 Installing dependencies...
npm warn deprecated inflight@1.0.6: This module is not supported, and leaks memory. Do not use it. Check out lru-cache if you want a good and tested way to coalesce async requests by a key value, which is much more comprehensive and powerful.
npm warn deprecated rimraf@3.0.2: Rimraf versions prior to v4 are no longer supported
npm warn deprecated glob@7.2.3: Glob versions prior to v9 are no longer supported
npm warn deprecated @humanwhocodes/object-schema@2.0.3: Use @eslint/object-schema instead
npm warn deprecated @humanwhocodes/config-array@0.13.0: Use @eslint/config-array instead
npm warn deprecated eslint@8.57.1: This version is no longer supported. Please see https://eslint.org/version-support for other options.

added 333 packages, and audited 334 packages in 20s

113 packages are looking for funding
  run `npm fund` for details

2 moderate severity vulnerabilities

To address all issues (including breaking changes), run:
  npm audit fix --force

Run `npm audit` for details.

✅ Dependencies ready!

🚀 Starting frontend server...


> speedtest-pro-frontend@1.0.0 dev
> vite


  VITE v5.4.21  ready in 1087 ms

  ➜  Local:   http://localhost:5173/
  ➜  Network: use --host to expose
